#
# There is insufficient memory for the Java Runtime Environment to continue.
# Native memory allocation (mmap) failed to map 4194304 bytes for G1 virtual space
# Possible reasons:
#   The system is out of physical RAM or swap space
#   The process is running with CompressedOops enabled, and the Java Heap may be blocking the growth of the native heap
# Possible solutions:
#   Reduce memory load on the system
#   Increase physical memory or swap space
#   Check if swap backing store is full
#   Decrease Java heap size (-Xmx/-Xms)
#   Decrease number of Java threads
#   Decrease Java thread stack sizes (-Xss)
#   Set larger code cache with -XX:ReservedCodeCacheSize=
#   JVM is running with Unscaled Compressed Oops mode in which the Java heap is
#     placed in the first 4GB address space. The Java Heap base address is the
#     maximum limit for the native heap growth. Please use -XX:HeapBaseMinAddress
#     to set the Java Heap base and to place the Java Heap above 4GB virtual address.
# This output file may be truncated or incomplete.
#
#  Out of Memory Error (os_windows.cpp:3559), pid=29128, tid=17284
#
# JRE version: OpenJDK Runtime Environment Temurin-17.0.7+7 (17.0.7+7) (build 17.0.7+7)
# Java VM: OpenJDK 64-Bit Server VM Temurin-17.0.7+7 (17.0.7+7, mixed mode, emulated-client, tiered, compressed oops, compressed class ptrs, g1 gc, windows-amd64)
# No core dump will be written. Minidumps are not enabled by default on client versions of Windows
#

---------------  S U M M A R Y ------------

Command Line: -Dcom.sun.management.jmxremote -Dcom.sun.management.jmxremote.port=64228 -Dcom.sun.management.jmxremote.authenticate=false -Dcom.sun.management.jmxremote.ssl=false -Djava.rmi.server.hostname=localhost -Dspring.jmx.enabled=true -Dmanagement.endpoints.jmx.exposure.include=* -Dspring.application.admin.enabled=true -XX:TieredStopAtLevel=1 -Dspring.boot.project.name=ptbackend -Dfile.encoding=UTF-8 -XX:+ShowCodeDetailsInExceptionMessages com.example.ptbackend.PtbackendApplication --spring.output.ansi.enabled=always

Host: Intel(R) Core(TM) i3-10110U CPU @ 2.10GHz, 4 cores, 3G,  Windows 11 , 64 bit Build 22621 (10.0.22621.1778)
Time: Tue Jun  6 15:25:10 2023 India Standard Time elapsed time: 25.204327 seconds (0d 0h 0m 25s)

---------------  T H R E A D  ---------------

Current thread (0x000001b09a32eb10):  VMThread "VM Thread" [stack: 0x000000b03a200000,0x000000b03a300000] [id=17284]

Stack: [0x000000b03a200000,0x000000b03a300000]
Native frames: (J=compiled Java code, j=interpreted, Vv=VM code, C=native code)
V  [jvm.dll+0x67754a]
V  [jvm.dll+0x834304]
V  [jvm.dll+0x835aae]
V  [jvm.dll+0x836113]
V  [jvm.dll+0x24696f]
V  [jvm.dll+0x6743f9]
V  [jvm.dll+0x668c8a]
V  [jvm.dll+0x3061bb]
V  [jvm.dll+0x30d6a6]
V  [jvm.dll+0x35cece]
V  [jvm.dll+0x35d0ff]
V  [jvm.dll+0x2dd048]
V  [jvm.dll+0x2e00d6]
V  [jvm.dll+0x2ea7a8]
V  [jvm.dll+0x31e8f0]
V  [jvm.dll+0x83a5bb]
V  [jvm.dll+0x83b2f4]
V  [jvm.dll+0x83b80c]
V  [jvm.dll+0x83bbe4]
V  [jvm.dll+0x83bcb0]
V  [jvm.dll+0x7e4e7a]
V  [jvm.dll+0x676395]
C  [ucrtbase.dll+0x29363]
C  [KERNEL32.DLL+0x126ad]
C  [ntdll.dll+0x5a9f8]

VM_Operation (0x000000b039eff4d0): G1Concurrent, mode: safepoint, requested by thread 0x000001b09a2bbee0


---------------  P R O C E S S  ---------------

Threads class SMR info:
_java_thread_list=0x000001b0ab36cbb0, length=30, elements={
0x000001b09a274a20, 0x000001b0a50a32d0, 0x000001b0a50a48a0, 0x000001b0a50e3280,
0x000001b0a50e7e40, 0x000001b0a50ec810, 0x000001b0a50ed1c0, 0x000001b0a50edc20,
0x000001b0a51175c0, 0x000001b0a52b0070, 0x000001b0a53ad560, 0x000001b0a5934110,
0x000001b0a592f6e0, 0x000001b0a592c2a0, 0x000001b0a592c770, 0x000001b0a5a3f910,
0x000001b0a5a66fe0, 0x000001b0a5a62e50, 0x000001b0a5d6e2b0, 0x000001b0a5d6f5f0,
0x000001b0a5d6ec50, 0x000001b0a5d6fac0, 0x000001b0a5d6f120, 0x000001b0a5d6e780,
0x000001b0ab314d70, 0x000001b0ab316580, 0x000001b0ab313a30, 0x000001b0ab312220,
0x000001b0ab75d460, 0x000001b0ab5f8930
}

Java Threads: ( => current thread )
  0x000001b09a274a20 JavaThread "main" [_thread_blocked, id=20664, stack(0x000000b039c00000,0x000000b039d00000)]
  0x000001b0a50a32d0 JavaThread "Reference Handler" daemon [_thread_blocked, id=12016, stack(0x000000b03a300000,0x000000b03a400000)]
  0x000001b0a50a48a0 JavaThread "Finalizer" daemon [_thread_blocked, id=26980, stack(0x000000b03a400000,0x000000b03a500000)]
  0x000001b0a50e3280 JavaThread "Signal Dispatcher" daemon [_thread_blocked, id=2120, stack(0x000000b03a500000,0x000000b03a600000)]
  0x000001b0a50e7e40 JavaThread "Attach Listener" daemon [_thread_blocked, id=24552, stack(0x000000b03a600000,0x000000b03a700000)]
  0x000001b0a50ec810 JavaThread "Service Thread" daemon [_thread_blocked, id=25672, stack(0x000000b03a700000,0x000000b03a800000)]
  0x000001b0a50ed1c0 JavaThread "Monitor Deflation Thread" daemon [_thread_blocked, id=5136, stack(0x000000b03a800000,0x000000b03a900000)]
  0x000001b0a50edc20 JavaThread "C1 CompilerThread0" daemon [_thread_blocked, id=25824, stack(0x000000b03a900000,0x000000b03aa00000)]
  0x000001b0a51175c0 JavaThread "Sweeper thread" daemon [_thread_blocked, id=6468, stack(0x000000b03aa00000,0x000000b03ab00000)]
  0x000001b0a52b0070 JavaThread "Common-Cleaner" daemon [_thread_blocked, id=20396, stack(0x000000b03ab00000,0x000000b03ac00000)]
  0x000001b0a53ad560 JavaThread "Notification Thread" daemon [_thread_blocked, id=24940, stack(0x000000b03ad00000,0x000000b03ae00000)]
  0x000001b0a5934110 JavaThread "RMI TCP Accept-0" daemon [_thread_in_native, id=20824, stack(0x000000b03ae00000,0x000000b03af00000)]
  0x000001b0a592f6e0 JavaThread "RMI TCP Accept-64228" daemon [_thread_in_native, id=20184, stack(0x000000b03af00000,0x000000b03b000000)]
  0x000001b0a592c2a0 JavaThread "RMI TCP Connection(1)-127.0.0.1" daemon [_thread_in_native, id=7604, stack(0x000000b03b000000,0x000000b03b100000)]
  0x000001b0a592c770 JavaThread "RMI Scheduler(0)" daemon [_thread_blocked, id=11408, stack(0x000000b03b100000,0x000000b03b200000)]
  0x000001b0a5a3f910 JavaThread "RMI TCP Accept-0" daemon [_thread_in_native, id=11888, stack(0x000000b03b200000,0x000000b03b300000)]
  0x000001b0a5a66fe0 JavaThread "RMI TCP Connection(2)-127.0.0.1" daemon [_thread_in_native, id=18204, stack(0x000000b03b400000,0x000000b03b500000)]
  0x000001b0a5a62e50 JavaThread "JMX server connection timeout 21" daemon [_thread_blocked, id=11104, stack(0x000000b03b500000,0x000000b03b600000)]
  0x000001b0a5d6e2b0 JavaThread "Thread-0" [_thread_blocked, id=29060, stack(0x000000b03bb00000,0x000000b03bc00000)]
  0x000001b0a5d6f5f0 JavaThread "restartedMain" [_thread_blocked, id=2132, stack(0x000000b03bc00000,0x000000b03bd00000)]
  0x000001b0a5d6ec50 JavaThread "Catalina-utility-1" [_thread_blocked, id=15988, stack(0x000000b03bf00000,0x000000b03c000000)]
  0x000001b0a5d6fac0 JavaThread "Catalina-utility-2" [_thread_blocked, id=27808, stack(0x000000b03c000000,0x000000b03c100000)]
  0x000001b0a5d6f120 JavaThread "container-0" [_thread_blocked, id=15796, stack(0x000000b03c100000,0x000000b03c200000)]
  0x000001b0a5d6e780 JavaThread "mysql-cj-abandoned-connection-cleanup" daemon [_thread_blocked, id=1284, stack(0x000000b03c200000,0x000000b03c300000)]
  0x000001b0ab314d70 JavaThread "HikariPool-1 network timeout executor" daemon [_thread_blocked, id=1564, stack(0x000000b03be00000,0x000000b03bf00000)]
  0x000001b0ab316580 JavaThread "HikariPool-1 network timeout executor" daemon [_thread_blocked, id=14800, stack(0x000000b03c300000,0x000000b03c400000)]
  0x000001b0ab313a30 JavaThread "HikariPool-1 housekeeper" daemon [_thread_blocked, id=1692, stack(0x000000b03c400000,0x000000b03c500000)]
  0x000001b0ab312220 JavaThread "HikariPool-1 connection adder" daemon [_thread_blocked, id=28960, stack(0x000000b03c500000,0x000000b03c600000)]
  0x000001b0ab75d460 JavaThread "C1 CompilerThread1" daemon [_thread_blocked, id=13616, stack(0x000000b03c600000,0x000000b03c700000)]
  0x000001b0ab5f8930 JavaThread "C1 CompilerThread2" daemon [_thread_blocked, id=10956, stack(0x000000b03c700000,0x000000b03c800000)]

Other Threads:
=>0x000001b09a32eb10 VMThread "VM Thread" [stack: 0x000000b03a200000,0x000000b03a300000] [id=17284]
  0x000001b09a275890 WatcherThread [stack: 0x000000b03b300000,0x000000b03b400000] [id=3532]
  0x000001b09a2b3420 GCTaskThread "GC Thread#0" [stack: 0x000000b039d00000,0x000000b039e00000] [id=14784]
  0x000001b0a5aa36a0 GCTaskThread "GC Thread#1" [stack: 0x000000b03b600000,0x000000b03b700000] [id=15276]
  0x000001b0a5abcb10 GCTaskThread "GC Thread#2" [stack: 0x000000b03b700000,0x000000b03b800000] [id=28332]
  0x000001b0a5abcdc0 GCTaskThread "GC Thread#3" [stack: 0x000000b03b800000,0x000000b03b900000] [id=12248]
  0x000001b09a2bbee0 ConcurrentGCThread "G1 Main Marker" [stack: 0x000000b039e00000,0x000000b039f00000] [id=28536]
  0x000001b09a2bc8f0 ConcurrentGCThread "G1 Conc#0" [stack: 0x000000b039f00000,0x000000b03a000000] [id=20660]
  0x000001b09a2f8e10 ConcurrentGCThread "G1 Refine#0" [stack: 0x000000b03a000000,0x000000b03a100000] [id=10784]
  0x000001b0a5aa0510 ConcurrentGCThread "G1 Refine#1" [stack: 0x000000b03b900000,0x000000b03ba00000] [id=18352]
  0x000001b0a5490dd0 ConcurrentGCThread "G1 Refine#2" [stack: 0x000000b03ba00000,0x000000b03bb00000] [id=24712]
  0x000001b09a2f9830 ConcurrentGCThread "G1 Service" [stack: 0x000000b03a100000,0x000000b03a200000] [id=8536]

Threads with active compile tasks:

VM state: at safepoint (normal execution)

VM Mutex/Monitor currently owned by a thread:  ([mutex/lock_event])
[0x000001b09a270a90] Threads_lock - owner thread: 0x000001b09a32eb10
[0x000001b09a26fc80] Heap_lock - owner thread: 0x000001b09a2bbee0

Heap address: 0x00000000c2400000, size: 988 MB, Compressed Oops mode: 32-bit

CDS archive(s) not mapped
Compressed class space mapped at: 0x0000000100000000-0x0000000140000000, reserved size: 1073741824
Narrow klass base: 0x0000000000000000, Narrow klass shift: 3, Narrow klass range: 0x140000000

GC Precious Log:
 CPUs: 4 total, 4 available
 Memory: 3948M
 Large Page Support: Disabled
 NUMA Support: Disabled
 Compressed Oops: Enabled (32-bit)
 Heap Region Size: 1M
 Heap Min Capacity: 8M
 Heap Initial Capacity: 62M
 Heap Max Capacity: 988M
 Pre-touch: Disabled
 Parallel Workers: 4
 Concurrent Workers: 1
 Concurrent Refinement Workers: 4
 Periodic GC: Disabled

Heap:
 garbage-first heap   total 46080K, used 27419K [0x00000000c2400000, 0x0000000100000000)
  region size 1024K, 4 young (4096K), 1 survivors (1024K)
 Metaspace       used 66282K, committed 66880K, reserved 1114112K
  class space    used 8988K, committed 9280K, reserved 1048576K

Heap Regions: E=young(eden), S=young(survivor), O=old, HS=humongous(starts), HC=humongous(continues), CS=collection set, F=free, OA=open archive, CA=closed archive, TAMS=top-at-mark-start (previous, next)
|   0|0x00000000c2400000, 0x00000000c2500000, 0x00000000c2500000|100%|HS|  |TAMS 0x00000000c2500000, 0x00000000c2400000| Complete 
|   1|0x00000000c2500000, 0x00000000c2600000, 0x00000000c2600000|100%| O|  |TAMS 0x00000000c2600000, 0x00000000c2500000| Untracked 
|   2|0x00000000c2600000, 0x00000000c2700000, 0x00000000c2700000|100%| O|  |TAMS 0x00000000c2700000, 0x00000000c2600000| Untracked 
|   3|0x00000000c2700000, 0x00000000c2800000, 0x00000000c2800000|100%| O|  |TAMS 0x00000000c2800000, 0x00000000c2700000| Untracked 
|   4|0x00000000c2800000, 0x00000000c2900000, 0x00000000c2900000|100%| O|  |TAMS 0x00000000c2900000, 0x00000000c2800000| Untracked 
|   5|0x00000000c2900000, 0x00000000c2a00000, 0x00000000c2a00000|100%| O|  |TAMS 0x00000000c2a00000, 0x00000000c2900000| Untracked 
|   6|0x00000000c2a00000, 0x00000000c2b00000, 0x00000000c2b00000|100%| O|  |TAMS 0x00000000c2b00000, 0x00000000c2a00000| Updating 
|   7|0x00000000c2b00000, 0x00000000c2c00000, 0x00000000c2c00000|100%| O|  |TAMS 0x00000000c2c00000, 0x00000000c2b00000| Untracked 
|   8|0x00000000c2c00000, 0x00000000c2d00000, 0x00000000c2d00000|100%| O|  |TAMS 0x00000000c2d00000, 0x00000000c2c00000| Untracked 
|   9|0x00000000c2d00000, 0x00000000c2e00000, 0x00000000c2e00000|100%| O|  |TAMS 0x00000000c2e00000, 0x00000000c2d00000| Untracked 
|  10|0x00000000c2e00000, 0x00000000c2f00000, 0x00000000c2f00000|100%| O|  |TAMS 0x00000000c2f00000, 0x00000000c2e00000| Updating 
|  11|0x00000000c2f00000, 0x00000000c3000000, 0x00000000c3000000|100%| O|  |TAMS 0x00000000c3000000, 0x00000000c2f00000| Untracked 
|  12|0x00000000c3000000, 0x00000000c3100000, 0x00000000c3100000|100%| O|  |TAMS 0x00000000c3100000, 0x00000000c3000000| Updating 
|  13|0x00000000c3100000, 0x00000000c3200000, 0x00000000c3200000|100%| O|  |TAMS 0x00000000c3200000, 0x00000000c3100000| Untracked 
|  14|0x00000000c3200000, 0x00000000c3300000, 0x00000000c3300000|100%| O|  |TAMS 0x00000000c3300000, 0x00000000c3200000| Untracked 
|  15|0x00000000c3300000, 0x00000000c3400000, 0x00000000c3400000|100%| O|  |TAMS 0x00000000c3400000, 0x00000000c3300000| Untracked 
|  16|0x00000000c3400000, 0x00000000c3500000, 0x00000000c3500000|100%| O|  |TAMS 0x00000000c3500000, 0x00000000c3400000| Untracked 
|  17|0x00000000c3500000, 0x00000000c3600000, 0x00000000c3600000|100%| O|  |TAMS 0x00000000c3600000, 0x00000000c3500000| Untracked 
|  18|0x00000000c3600000, 0x00000000c3700000, 0x00000000c3700000|100%| O|  |TAMS 0x00000000c3700000, 0x00000000c3600000| Untracked 
|  19|0x00000000c3700000, 0x00000000c3800000, 0x00000000c3800000|100%| O|  |TAMS 0x00000000c3800000, 0x00000000c3700000| Untracked 
|  20|0x00000000c3800000, 0x00000000c3900000, 0x00000000c3900000|100%| O|  |TAMS 0x00000000c3900000, 0x00000000c3800000| Untracked 
|  21|0x00000000c3900000, 0x00000000c3a00000, 0x00000000c3a00000|100%| O|  |TAMS 0x00000000c3a00000, 0x00000000c3900000| Untracked 
|  22|0x00000000c3a00000, 0x00000000c3b00000, 0x00000000c3b00000|100%| O|  |TAMS 0x00000000c3b00000, 0x00000000c3a00000| Untracked 
|  23|0x00000000c3b00000, 0x00000000c3c00000, 0x00000000c3c00000|100%| O|  |TAMS 0x00000000c3b29a00, 0x00000000c3b00000| Untracked 
|  24|0x00000000c3c00000, 0x00000000c3c13800, 0x00000000c3d00000|  7%| O|  |TAMS 0x00000000c3c00000, 0x00000000c3c00000| Updating 
|  25|0x00000000c3d00000, 0x00000000c3d00000, 0x00000000c3e00000|  0%| F|  |TAMS 0x00000000c3d00000, 0x00000000c3d00000| Untracked 
|  26|0x00000000c3e00000, 0x00000000c3e00000, 0x00000000c3f00000|  0%| F|  |TAMS 0x00000000c3e00000, 0x00000000c3e00000| Untracked 
|  27|0x00000000c3f00000, 0x00000000c3f00000, 0x00000000c4000000|  0%| F|  |TAMS 0x00000000c3f00000, 0x00000000c3f00000| Untracked 
|  28|0x00000000c4000000, 0x00000000c4000000, 0x00000000c4100000|  0%| F|  |TAMS 0x00000000c4000000, 0x00000000c4000000| Untracked 
|  29|0x00000000c4100000, 0x00000000c4100000, 0x00000000c4200000|  0%| F|  |TAMS 0x00000000c4100000, 0x00000000c4100000| Untracked 
|  30|0x00000000c4200000, 0x00000000c4200000, 0x00000000c4300000|  0%| F|  |TAMS 0x00000000c4200000, 0x00000000c4200000| Untracked 
|  31|0x00000000c4300000, 0x00000000c43b3520, 0x00000000c4400000| 70%| S|CS|TAMS 0x00000000c4300000, 0x00000000c4300000| Complete 
|  32|0x00000000c4400000, 0x00000000c4400000, 0x00000000c4500000|  0%| F|  |TAMS 0x00000000c4400000, 0x00000000c4400000| Untracked 
|  33|0x00000000c4500000, 0x00000000c4500000, 0x00000000c4600000|  0%| F|  |TAMS 0x00000000c4500000, 0x00000000c4500000| Untracked 
|  34|0x00000000c4600000, 0x00000000c4600000, 0x00000000c4700000|  0%| F|  |TAMS 0x00000000c4600000, 0x00000000c4600000| Untracked 
|  35|0x00000000c4700000, 0x00000000c4700000, 0x00000000c4800000|  0%| F|  |TAMS 0x00000000c4700000, 0x00000000c4700000| Untracked 
|  36|0x00000000c4800000, 0x00000000c4800000, 0x00000000c4900000|  0%| F|  |TAMS 0x00000000c4800000, 0x00000000c4800000| Untracked 
|  37|0x00000000c4900000, 0x00000000c4900000, 0x00000000c4a00000|  0%| F|  |TAMS 0x00000000c4900000, 0x00000000c4900000| Untracked 
|  38|0x00000000c4a00000, 0x00000000c4a00000, 0x00000000c4b00000|  0%| F|  |TAMS 0x00000000c4a00000, 0x00000000c4a00000| Untracked 
|  39|0x00000000c4b00000, 0x00000000c4b00000, 0x00000000c4c00000|  0%| F|  |TAMS 0x00000000c4b00000, 0x00000000c4b00000| Untracked 
|  40|0x00000000c4c00000, 0x00000000c4c00000, 0x00000000c4d00000|  0%| F|  |TAMS 0x00000000c4c00000, 0x00000000c4c00000| Untracked 
|  53|0x00000000c5900000, 0x00000000c5900000, 0x00000000c5a00000|  0%| F|  |TAMS 0x00000000c5900000, 0x00000000c5900000| Untracked 
|  54|0x00000000c5a00000, 0x00000000c5aa7d20, 0x00000000c5b00000| 65%| E|  |TAMS 0x00000000c5a00000, 0x00000000c5a00000| Complete 
|  55|0x00000000c5b00000, 0x00000000c5c00000, 0x00000000c5c00000|100%| E|CS|TAMS 0x00000000c5b00000, 0x00000000c5b00000| Complete 
|  61|0x00000000c6100000, 0x00000000c6200000, 0x00000000c6200000|100%| E|CS|TAMS 0x00000000c6100000, 0x00000000c6100000| Complete 

Card table byte_map: [0x000001b0a0920000,0x000001b0a0b10000] _byte_map_base: 0x000001b0a030e000

Marking Bits (Prev, Next): (CMBitMap*) 0x000001b09a2b3a30, (CMBitMap*) 0x000001b09a2b3a70
 Prev Bits: [0x000001b0a0d00000, 0x000001b0a1c70000)
 Next Bits: [0x000001b0a1c70000, 0x000001b0a2be0000)

Polling page: 0x000001b099a30000

Metaspace:

Usage:
  Non-class:     55.95 MB used.
      Class:      8.78 MB used.
       Both:     64.73 MB used.

Virtual space:
  Non-class space:       64.00 MB reserved,      56.25 MB ( 88%) committed,  1 nodes.
      Class space:        1.00 GB reserved,       9.06 MB ( <1%) committed,  1 nodes.
             Both:        1.06 GB reserved,      65.31 MB (  6%) committed. 

Chunk freelists:
   Non-Class:  6.96 MB
       Class:  7.00 MB
        Both:  13.96 MB

MaxMetaspaceSize: unlimited
CompressedClassSpaceSize: 1.00 GB
Initial GC threshold: 21.00 MB
Current GC threshold: 107.00 MB
CDS: off
MetaspaceReclaimPolicy: balanced
 - commit_granule_bytes: 65536.
 - commit_granule_words: 8192.
 - virtual_space_node_default_size: 8388608.
 - enlarge_chunks_in_place: 1.
 - new_chunks_are_fully_committed: 0.
 - uncommit_free_chunks: 1.
 - use_allocation_guard: 0.
 - handle_deallocations: 1.


Internal statistics:

num_allocs_failed_limit: 6.
num_arena_births: 716.
num_arena_deaths: 44.
num_vsnodes_births: 2.
num_vsnodes_deaths: 0.
num_space_committed: 1045.
num_space_uncommitted: 0.
num_chunks_returned_to_freelist: 65.
num_chunks_taken_from_freelist: 2719.
num_chunk_merges: 25.
num_chunk_splits: 1943.
num_chunks_enlarged: 1501.
num_inconsistent_stats: 0.

CodeCache: size=49152Kb used=10003Kb max_used=10003Kb free=39148Kb
 bounds [0x000001b09d920000, 0x000001b09e2f0000, 0x000001b0a0920000]
 total_blobs=5642 nmethods=4984 adapters=583
 compilation: enabled
              stopped_count=0, restarted_count=0
 full_count=0

Compilation events (20 events):
Event: 25.108 Thread 0x000001b0ab75d460 4977       1       java.lang.reflect.Method::getTypeParameters (20 bytes)
Event: 25.109 Thread 0x000001b0ab75d460 nmethod 4977 0x000001b09e2dbe10 code [0x000001b09e2dc000, 0x000001b09e2dc588]
Event: 25.109 Thread 0x000001b0ab75d460 4978       1       org.springframework.core.MethodParameter::withContainingClass (17 bytes)
Event: 25.109 Thread 0x000001b0ab75d460 nmethod 4978 0x000001b09e2dc790 code [0x000001b09e2dc940, 0x000001b09e2dcb68]
Event: 25.110 Thread 0x000001b0ab5f8930 4979       1       sun.reflect.generics.tree.MethodTypeSignature::getFormalTypeParameters (5 bytes)
Event: 25.110 Thread 0x000001b0ab5f8930 nmethod 4979 0x000001b09e2dcc10 code [0x000001b09e2dcda0, 0x000001b09e2dce78]
Event: 25.118 Thread 0x000001b0ab5f8930 4980       1       sun.reflect.generics.scope.AbstractScope::lookup (66 bytes)
Event: 25.119 Thread 0x000001b0ab5f8930 nmethod 4980 0x000001b09e2dcf10 code [0x000001b09e2dd100, 0x000001b09e2dd3c8]
Event: 25.133 Thread 0x000001b0ab5f8930 4981       1       org.springframework.data.repository.core.RepositoryInformationSupport::getQueryMethods (77 bytes)
Event: 25.134 Thread 0x000001b0ab5f8930 nmethod 4981 0x000001b09e2dd610 code [0x000001b09e2dd880, 0x000001b09e2de018]
Event: 25.168 Thread 0x000001b0ab5f8930 4983       1       java.util.concurrent.atomic.AtomicLongArray::get (12 bytes)
Event: 25.168 Thread 0x000001b0ab5f8930 nmethod 4983 0x000001b09e2de910 code [0x000001b09e2deaa0, 0x000001b09e2debe8]
Event: 25.168 Thread 0x000001b0ab5f8930 4984       1       java.lang.invoke.VarHandleLongs$Array::getVolatile (42 bytes)
Event: 25.168 Thread 0x000001b0ab5f8930 nmethod 4984 0x000001b09e2ded10 code [0x000001b09e2deee0, 0x000001b09e2df2e8]
Event: 25.176 Thread 0x000001b0ab75d460 4985       1       org.springframework.core.SerializableTypeWrapper::unwrap (36 bytes)
Event: 25.176 Thread 0x000001b0ab75d460 nmethod 4985 0x000001b09e2df510 code [0x000001b09e2df6c0, 0x000001b09e2df898]
Event: 25.180 Thread 0x000001b0ab5f8930 4986       1       org.springframework.core.annotation.TypeMappedAnnotation::getAttributeIndex (63 bytes)
Event: 25.181 Thread 0x000001b0ab5f8930 nmethod 4986 0x000001b09e2df990 code [0x000001b09e2dfb80, 0x000001b09e2dff88]
Event: 25.184 Thread 0x000001b0a50edc20 4987       1       java.util.regex.Pattern::escape (1327 bytes)
Event: 25.189 Thread 0x000001b0a50edc20 nmethod 4987 0x000001b09e2e0290 code [0x000001b09e2e0a60, 0x000001b09e2e3ed8]

GC Heap History (20 events):
Event: 19.572 GC heap before
{Heap before GC invocations=18 (full 0):
 garbage-first heap   total 37888K, used 28182K [0x00000000c2400000, 0x0000000100000000)
  region size 1024K, 12 young (12288K), 2 survivors (2048K)
 Metaspace       used 45992K, committed 46528K, reserved 1114112K
  class space    used 5954K, committed 6208K, reserved 1048576K
}
Event: 19.577 GC heap after
{Heap after GC invocations=19 (full 0):
 garbage-first heap   total 37888K, used 20346K [0x00000000c2400000, 0x0000000100000000)
  region size 1024K, 2 young (2048K), 2 survivors (2048K)
 Metaspace       used 45992K, committed 46528K, reserved 1114112K
  class space    used 5954K, committed 6208K, reserved 1048576K
}
Event: 21.280 GC heap before
{Heap before GC invocations=19 (full 0):
 garbage-first heap   total 37888K, used 29562K [0x00000000c2400000, 0x0000000100000000)
  region size 1024K, 11 young (11264K), 2 survivors (2048K)
 Metaspace       used 50698K, committed 51200K, reserved 1114112K
  class space    used 6548K, committed 6784K, reserved 1048576K
}
Event: 21.288 GC heap after
{Heap after GC invocations=20 (full 0):
 garbage-first heap   total 37888K, used 21204K [0x00000000c2400000, 0x0000000100000000)
  region size 1024K, 1 young (1024K), 1 survivors (1024K)
 Metaspace       used 50698K, committed 51200K, reserved 1114112K
  class space    used 6548K, committed 6784K, reserved 1048576K
}
Event: 21.908 GC heap before
{Heap before GC invocations=21 (full 0):
 garbage-first heap   total 39936K, used 29396K [0x00000000c2400000, 0x0000000100000000)
  region size 1024K, 10 young (10240K), 1 survivors (1024K)
 Metaspace       used 52318K, committed 52800K, reserved 1114112K
  class space    used 6785K, committed 6976K, reserved 1048576K
}
Event: 21.910 GC heap after
{Heap after GC invocations=22 (full 0):
 garbage-first heap   total 39936K, used 21751K [0x00000000c2400000, 0x0000000100000000)
  region size 1024K, 2 young (2048K), 2 survivors (2048K)
 Metaspace       used 52318K, committed 52800K, reserved 1114112K
  class space    used 6785K, committed 6976K, reserved 1048576K
}
Event: 22.449 GC heap before
{Heap before GC invocations=22 (full 0):
 garbage-first heap   total 39936K, used 30967K [0x00000000c2400000, 0x0000000100000000)
  region size 1024K, 12 young (12288K), 2 survivors (2048K)
 Metaspace       used 54985K, committed 55488K, reserved 1114112K
  class space    used 7145K, committed 7360K, reserved 1048576K
}
Event: 22.453 GC heap after
{Heap after GC invocations=23 (full 0):
 garbage-first heap   total 39936K, used 22431K [0x00000000c2400000, 0x0000000100000000)
  region size 1024K, 2 young (2048K), 2 survivors (2048K)
 Metaspace       used 54985K, committed 55488K, reserved 1114112K
  class space    used 7145K, committed 7360K, reserved 1048576K
}
Event: 22.998 GC heap before
{Heap before GC invocations=24 (full 0):
 garbage-first heap   total 43008K, used 29599K [0x00000000c2400000, 0x0000000100000000)
  region size 1024K, 10 young (10240K), 2 survivors (2048K)
 Metaspace       used 58086K, committed 58560K, reserved 1114112K
  class space    used 7660K, committed 7872K, reserved 1048576K
}
Event: 23.001 GC heap after
{Heap after GC invocations=25 (full 0):
 garbage-first heap   total 43008K, used 23045K [0x00000000c2400000, 0x0000000100000000)
  region size 1024K, 2 young (2048K), 2 survivors (2048K)
 Metaspace       used 58086K, committed 58560K, reserved 1114112K
  class space    used 7660K, committed 7872K, reserved 1048576K
}
Event: 23.623 GC heap before
{Heap before GC invocations=25 (full 0):
 garbage-first heap   total 43008K, used 33285K [0x00000000c2400000, 0x0000000100000000)
  region size 1024K, 12 young (12288K), 2 survivors (2048K)
 Metaspace       used 60257K, committed 60864K, reserved 1114112K
  class space    used 8082K, committed 8384K, reserved 1048576K
}
Event: 23.626 GC heap after
{Heap after GC invocations=26 (full 0):
 garbage-first heap   total 43008K, used 23175K [0x00000000c2400000, 0x0000000100000000)
  region size 1024K, 1 young (1024K), 1 survivors (1024K)
 Metaspace       used 60257K, committed 60864K, reserved 1114112K
  class space    used 8082K, committed 8384K, reserved 1048576K
}
Event: 24.410 GC heap before
{Heap before GC invocations=27 (full 0):
 garbage-first heap   total 43008K, used 33415K [0x00000000c2400000, 0x0000000100000000)
  region size 1024K, 12 young (12288K), 1 survivors (1024K)
 Metaspace       used 62825K, committed 63360K, reserved 1114112K
  class space    used 8502K, committed 8768K, reserved 1048576K
}
Event: 24.413 GC heap after
{Heap after GC invocations=28 (full 0):
 garbage-first heap   total 43008K, used 23786K [0x00000000c2400000, 0x0000000100000000)
  region size 1024K, 2 young (2048K), 2 survivors (2048K)
 Metaspace       used 62825K, committed 63360K, reserved 1114112K
  class space    used 8502K, committed 8768K, reserved 1048576K
}
Event: 24.693 GC heap before
{Heap before GC invocations=28 (full 0):
 garbage-first heap   total 43008K, used 34026K [0x00000000c2400000, 0x0000000100000000)
  region size 1024K, 12 young (12288K), 2 survivors (2048K)
 Metaspace       used 64918K, committed 65408K, reserved 1114112K
  class space    used 8760K, committed 9024K, reserved 1048576K
}
Event: 24.697 GC heap after
{Heap after GC invocations=29 (full 0):
 garbage-first heap   total 43008K, used 24734K [0x00000000c2400000, 0x0000000100000000)
  region size 1024K, 2 young (2048K), 2 survivors (2048K)
 Metaspace       used 64918K, committed 65408K, reserved 1114112K
  class space    used 8760K, committed 9024K, reserved 1048576K
}
Event: 24.816 GC heap before
{Heap before GC invocations=30 (full 0):
 garbage-first heap   total 46080K, used 33950K [0x00000000c2400000, 0x0000000100000000)
  region size 1024K, 11 young (11264K), 2 survivors (2048K)
 Metaspace       used 65222K, committed 65728K, reserved 1114112K
  class space    used 8810K, committed 9088K, reserved 1048576K
}
Event: 24.820 GC heap after
{Heap after GC invocations=31 (full 0):
 garbage-first heap   total 46080K, used 24911K [0x00000000c2400000, 0x0000000100000000)
  region size 1024K, 2 young (2048K), 2 survivors (2048K)
 Metaspace       used 65222K, committed 65728K, reserved 1114112K
  class space    used 8810K, committed 9088K, reserved 1048576K
}
Event: 25.125 GC heap before
{Heap before GC invocations=31 (full 0):
 garbage-first heap   total 46080K, used 36175K [0x00000000c2400000, 0x0000000100000000)
  region size 1024K, 13 young (13312K), 2 survivors (2048K)
 Metaspace       used 66276K, committed 66880K, reserved 1114112K
  class space    used 8987K, committed 9280K, reserved 1048576K
}
Event: 25.129 GC heap after
{Heap after GC invocations=32 (full 0):
 garbage-first heap   total 46080K, used 25371K [0x00000000c2400000, 0x0000000100000000)
  region size 1024K, 1 young (1024K), 1 survivors (1024K)
 Metaspace       used 66276K, committed 66880K, reserved 1114112K
  class space    used 8987K, committed 9280K, reserved 1048576K
}

Dll operation events (9 events):
Event: 0.062 Loaded shared library C:\Users\Asus\.p2\pool\plugins\org.eclipse.justj.openjdk.hotspot.jre.full.win32.x86_64_17.0.7.v20230425-1502\jre\bin\java.dll
Event: 1.886 Loaded shared library C:\Users\Asus\.p2\pool\plugins\org.eclipse.justj.openjdk.hotspot.jre.full.win32.x86_64_17.0.7.v20230425-1502\jre\bin\jimage.dll
Event: 1.993 Loaded shared library C:\Users\Asus\.p2\pool\plugins\org.eclipse.justj.openjdk.hotspot.jre.full.win32.x86_64_17.0.7.v20230425-1502\jre\bin\net.dll
Event: 1.999 Loaded shared library C:\Users\Asus\.p2\pool\plugins\org.eclipse.justj.openjdk.hotspot.jre.full.win32.x86_64_17.0.7.v20230425-1502\jre\bin\nio.dll
Event: 2.029 Loaded shared library C:\Users\Asus\.p2\pool\plugins\org.eclipse.justj.openjdk.hotspot.jre.full.win32.x86_64_17.0.7.v20230425-1502\jre\bin\zip.dll
Event: 2.223 Loaded shared library C:\Users\Asus\.p2\pool\plugins\org.eclipse.justj.openjdk.hotspot.jre.full.win32.x86_64_17.0.7.v20230425-1502\jre\bin\management.dll
Event: 2.264 Loaded shared library C:\Users\Asus\.p2\pool\plugins\org.eclipse.justj.openjdk.hotspot.jre.full.win32.x86_64_17.0.7.v20230425-1502\jre\bin\management_ext.dll
Event: 15.079 Loaded shared library C:\Users\Asus\.p2\pool\plugins\org.eclipse.justj.openjdk.hotspot.jre.full.win32.x86_64_17.0.7.v20230425-1502\jre\bin\sunmscapi.dll
Event: 17.208 Loaded shared library C:\Users\Asus\.p2\pool\plugins\org.eclipse.justj.openjdk.hotspot.jre.full.win32.x86_64_17.0.7.v20230425-1502\jre\bin\verify.dll

Deoptimization events (6 events):
Event: 9.329 Thread 0x000001b0a5d6f5f0 DEOPT PACKING pc=0x000001b09ddaf099 sp=0x000000b03bcfc610
Event: 9.329 Thread 0x000001b0a5d6f5f0 DEOPT UNPACKING pc=0x000001b09d977143 sp=0x000000b03bcfbaf0 mode 3
Event: 15.707 Thread 0x000001b0a5d6f5f0 DEOPT PACKING pc=0x000001b09e0a347d sp=0x000000b03bcfbad0
Event: 15.707 Thread 0x000001b0a5d6f5f0 DEOPT UNPACKING pc=0x000001b09d977143 sp=0x000000b03bcfb038 mode 3
Event: 24.667 Thread 0x000001b0a5d6f5f0 DEOPT PACKING pc=0x000001b09de7bc14 sp=0x000000b03bcfc4f0
Event: 24.667 Thread 0x000001b0a5d6f5f0 DEOPT UNPACKING pc=0x000001b09d977143 sp=0x000000b03bcfba48 mode 0

Classes unloaded (20 events):
Event: 21.358 Thread 0x000001b09a32eb10 Unloading class 0x000000010014dc00 'jdk/internal/reflect/GeneratedSerializationConstructorAccessor8'
Event: 21.358 Thread 0x000001b09a32eb10 Unloading class 0x000000010014d800 'java/lang/invoke/LambdaForm$MH+0x000000010014d800'
Event: 21.358 Thread 0x000001b09a32eb10 Unloading class 0x000000010014d400 'java/lang/invoke/LambdaForm$MH+0x000000010014d400'
Event: 21.358 Thread 0x000001b09a32eb10 Unloading class 0x000000010014cc00 'java/lang/invoke/LambdaForm$MH+0x000000010014cc00'
Event: 21.358 Thread 0x000001b09a32eb10 Unloading class 0x000000010014ac00 'jdk/internal/reflect/GeneratedSerializationConstructorAccessor7'
Event: 21.358 Thread 0x000001b09a32eb10 Unloading class 0x000000010014a800 'jdk/internal/reflect/GeneratedSerializationConstructorAccessor6'
Event: 21.358 Thread 0x000001b09a32eb10 Unloading class 0x000000010014a400 'jdk/internal/reflect/GeneratedSerializationConstructorAccessor5'
Event: 21.358 Thread 0x000001b09a32eb10 Unloading class 0x000000010014a000 'jdk/internal/reflect/GeneratedSerializationConstructorAccessor4'
Event: 21.358 Thread 0x000001b09a32eb10 Unloading class 0x0000000100143c00 'java/lang/invoke/LambdaForm$MH+0x0000000100143c00'
Event: 21.358 Thread 0x000001b09a32eb10 Unloading class 0x0000000100143800 'java/lang/invoke/LambdaForm$MH+0x0000000100143800'
Event: 21.358 Thread 0x000001b09a32eb10 Unloading class 0x0000000100143400 'java/lang/invoke/LambdaForm$MH+0x0000000100143400'
Event: 21.358 Thread 0x000001b09a32eb10 Unloading class 0x0000000100143000 'java/lang/invoke/LambdaForm$MH+0x0000000100143000'
Event: 21.358 Thread 0x000001b09a32eb10 Unloading class 0x0000000100142c00 'java/lang/invoke/LambdaForm$MH+0x0000000100142c00'
Event: 21.358 Thread 0x000001b09a32eb10 Unloading class 0x0000000100141800 'jdk/internal/reflect/GeneratedSerializationConstructorAccessor3'
Event: 21.358 Thread 0x000001b09a32eb10 Unloading class 0x0000000100141400 'jdk/internal/reflect/GeneratedSerializationConstructorAccessor2'
Event: 21.359 Thread 0x000001b09a32eb10 Unloading class 0x0000000100141000 'jdk/internal/reflect/GeneratedSerializationConstructorAccessor1'
Event: 21.359 Thread 0x000001b09a32eb10 Unloading class 0x0000000100140800 'java/lang/invoke/LambdaForm$DMH+0x0000000100140800'
Event: 21.359 Thread 0x000001b09a32eb10 Unloading class 0x0000000100140000 'java/lang/invoke/LambdaForm$DMH+0x0000000100140000'
Event: 21.359 Thread 0x000001b09a32eb10 Unloading class 0x00000001000c6c00 'jdk/internal/reflect/GeneratedConstructorAccessor1'
Event: 24.752 Thread 0x000001b09a32eb10 Unloading class 0x000000010024cc00 'java/lang/invoke/LambdaForm$DMH+0x000000010024cc00'

Classes redefined (0 events):
No events

Internal exceptions (20 events):
Event: 23.825 Thread 0x000001b0a5d6f5f0 Exception <a 'java/lang/NoSuchMethodError'{0x00000000c5957380}: 'java.lang.Object java.lang.invoke.Invokers$Holder.linkToTargetMethod(java.lang.Object, java.lang.Object, java.lang.Object, java.lang.Object, java.lang.Object, java.lang.Object, java.lang.Object, java.lang.Object, java.lang.Object, java.lang.Object, java.lang.Object)'> (0x00000000c5957380) 
thrown [s\src\hotspot\share\interpreter\linkResolver.cpp, line 759]
Event: 23.948 Thread 0x000001b0a5d6f5f0 Exception <a 'java/lang/NoSuchMethodError'{0x00000000c480a8b0}: 'java.lang.Object java.lang.invoke.DirectMethodHandle$Holder.newInvokeSpecial(java.lang.Object, java.lang.Object, java.lang.Object, java.lang.Object, java.lang.Object, java.lang.Object, java.lang.Object, int)'> (0x00000000c480a8b0) 
thrown [s\src\hotspot\share\interpreter\linkResolver.cpp, line 759]
Event: 23.949 Thread 0x000001b0a5d6f5f0 Exception <a 'java/lang/NoSuchMethodError'{0x00000000c480f8a8}: 'java.lang.Object java.lang.invoke.DirectMethodHandle$Holder.invokeSpecial(java.lang.Object, java.lang.Object, java.lang.Object, java.lang.Object, java.lang.Object, java.lang.Object, java.lang.Object, java.lang.Object, int)'> (0x00000000c480f8a8) 
thrown [s\src\hotspot\share\interpreter\linkResolver.cpp, line 759]
Event: 23.997 Thread 0x000001b0a5d6f5f0 Exception <a 'java/lang/NoSuchMethodError'{0x00000000c48f80c0}: 'void java.lang.invoke.DirectMethodHandle$Holder.invokeInterface(java.lang.Object, java.lang.Object)'> (0x00000000c48f80c0) 
thrown [s\src\hotspot\share\interpreter\linkResolver.cpp, line 759]
Event: 24.118 Thread 0x000001b0a5d6f5f0 Exception <a 'java/lang/NoSuchMethodError'{0x00000000c453e0d0}: 'java.lang.Object java.lang.invoke.DirectMethodHandle$Holder.newInvokeSpecial(java.lang.Object, java.lang.Object, java.lang.Object, java.lang.Object, java.lang.Object, java.lang.Object, java.lang.Object)'> (0x00000000c453e0d0) 
thrown [s\src\hotspot\share\interpreter\linkResolver.cpp, line 759]
Event: 24.479 Thread 0x000001b0a5d6f5f0 Exception <a 'java/lang/IncompatibleClassChangeError'{0x00000000c59039f8}: Found class java.lang.Object, but interface was expected> (0x00000000c59039f8) 
thrown [s\src\hotspot\share\interpreter\linkResolver.cpp, line 826]
Event: 24.527 Thread 0x000001b0a5d6f5f0 Exception <a 'java/lang/IncompatibleClassChangeError'{0x00000000c4977318}: Found class java.lang.Object, but interface was expected> (0x00000000c4977318) 
thrown [s\src\hotspot\share\interpreter\linkResolver.cpp, line 826]
Event: 24.734 Thread 0x000001b0a5d6f5f0 Exception <a 'java/lang/IncompatibleClassChangeError'{0x00000000c5b3e1b8}: Found class java.lang.Object, but interface was expected> (0x00000000c5b3e1b8) 
thrown [s\src\hotspot\share\interpreter\linkResolver.cpp, line 826]
Event: 24.938 Thread 0x000001b0a5d6f5f0 Exception <a 'java/lang/reflect/InvocationTargetException'{0x00000000c5995a28}> (0x00000000c5995a28) 
thrown [s\src\hotspot\share\runtime\reflection.cpp, line 1121]
Event: 24.954 Thread 0x000001b0a5d6f5f0 Exception <a 'java/lang/NoSuchMethodError'{0x00000000c59fd3e0}: 'int java.lang.invoke.DirectMethodHandle$Holder.invokeStatic(java.lang.Object, java.lang.Object, int)'> (0x00000000c59fd3e0) 
thrown [s\src\hotspot\share\interpreter\linkResolver.cpp, line 759]
Event: 24.957 Thread 0x000001b0a5d6f5f0 Exception <a 'java/lang/NoSuchMethodError'{0x00000000c4c1a978}: 'java.lang.Object java.lang.invoke.DirectMethodHandle$Holder.newInvokeSpecial(java.lang.Object, java.lang.Object, int)'> (0x00000000c4c1a978) 
thrown [s\src\hotspot\share\interpreter\linkResolver.cpp, line 759]
Event: 24.962 Thread 0x000001b0a5d6f5f0 Exception <a 'java/lang/NoSuchMethodError'{0x00000000c4c3bda0}: 'java.lang.Object java.lang.invoke.Invokers$Holder.invoke_MT(java.lang.Object, java.lang.Object, java.lang.Object, java.lang.Object, java.lang.Object, java.lang.Object, java.lang.Object, java.lang.Object, java.lang.Object)'> (0x00000000c4c3bda0) 
thrown [s\src\hotspot\share\interpreter\linkResolver.cpp, line 759]
Event: 24.966 Thread 0x000001b0a5d6f5f0 Exception <a 'java/lang/IncompatibleClassChangeError'{0x00000000c4c61338}: Found class java.lang.Object, but interface was expected> (0x00000000c4c61338) 
thrown [s\src\hotspot\share\interpreter\linkResolver.cpp, line 826]
Event: 24.967 Thread 0x000001b0a5d6f5f0 Exception <a 'java/lang/IncompatibleClassChangeError'{0x00000000c4c67bb0}: Found class java.lang.Object, but interface was expected> (0x00000000c4c67bb0) 
thrown [s\src\hotspot\share\interpreter\linkResolver.cpp, line 826]
Event: 25.030 Thread 0x000001b0a5d6f5f0 Exception <a 'java/lang/reflect/InvocationTargetException'{0x00000000c4a060e0}> (0x00000000c4a060e0) 
thrown [s\src\hotspot\share\runtime\reflection.cpp, line 1121]
Event: 25.033 Thread 0x000001b0a5d6f5f0 Exception <a 'java/lang/reflect/InvocationTargetException'{0x00000000c4a11c38}> (0x00000000c4a11c38) 
thrown [s\src\hotspot\share\runtime\reflection.cpp, line 1121]
Event: 25.036 Thread 0x000001b0a5d6f5f0 Exception <a 'java/lang/reflect/InvocationTargetException'{0x00000000c4a20bd8}> (0x00000000c4a20bd8) 
thrown [s\src\hotspot\share\runtime\reflection.cpp, line 1121]
Event: 25.040 Thread 0x000001b0a5d6f5f0 Exception <a 'java/lang/reflect/InvocationTargetException'{0x00000000c4a2d658}> (0x00000000c4a2d658) 
thrown [s\src\hotspot\share\runtime\reflection.cpp, line 1121]
Event: 25.173 Thread 0x000001b0a5d6f5f0 Exception <a 'java/lang/reflect/InvocationTargetException'{0x00000000c5a89080}> (0x00000000c5a89080) 
thrown [s\src\hotspot\share\runtime\reflection.cpp, line 1121]
Event: 25.183 Thread 0x000001b0a5d6f5f0 Exception <a 'java/lang/reflect/InvocationTargetException'{0x00000000c5a96230}> (0x00000000c5a96230) 
thrown [s\src\hotspot\share\runtime\reflection.cpp, line 1121]

VM Operations (20 events):
Event: 24.331 Executing VM operation: HandshakeAllThreads done
Event: 24.410 Executing VM operation: G1CollectForAllocation
Event: 24.413 Executing VM operation: G1CollectForAllocation done
Event: 24.667 Executing VM operation: HandshakeAllThreads
Event: 24.667 Executing VM operation: HandshakeAllThreads done
Event: 24.693 Executing VM operation: G1CollectForAllocation
Event: 24.697 Executing VM operation: G1CollectForAllocation done
Event: 24.752 Executing VM operation: G1Concurrent
Event: 24.760 Executing VM operation: G1Concurrent done
Event: 24.786 Executing VM operation: G1Concurrent
Event: 24.786 Executing VM operation: G1Concurrent done
Event: 24.816 Executing VM operation: G1CollectForAllocation
Event: 24.820 Executing VM operation: G1CollectForAllocation done
Event: 24.876 Executing VM operation: HandshakeAllThreads
Event: 24.876 Executing VM operation: HandshakeAllThreads done
Event: 24.876 Executing VM operation: HandshakeAllThreads
Event: 24.876 Executing VM operation: HandshakeAllThreads done
Event: 25.125 Executing VM operation: G1CollectForAllocation
Event: 25.129 Executing VM operation: G1CollectForAllocation done
Event: 25.190 Executing VM operation: G1Concurrent

Events (20 events):
Event: 24.741 loading class java/lang/Package$1PackageInfoProxy
Event: 24.742 loading class java/lang/Package$1PackageInfoProxy done
Event: 24.903 loading class java/util/stream/ReduceOps$5
Event: 24.904 loading class java/util/stream/ReduceOps$5 done
Event: 24.904 loading class java/util/stream/ReduceOps$CountingSink$OfRef
Event: 24.904 loading class java/util/stream/ReduceOps$CountingSink
Event: 24.904 loading class java/util/stream/ReduceOps$CountingSink done
Event: 24.904 loading class java/util/stream/ReduceOps$CountingSink$OfRef done
Event: 24.948 loading class java/lang/Character$UnicodeBlock
Event: 24.950 loading class java/lang/Character$Subset
Event: 24.951 loading class java/lang/Character$Subset done
Event: 24.951 loading class java/lang/Character$UnicodeBlock done
Event: 24.965 loading class java/util/regex/Pattern$1
Event: 24.965 loading class java/util/regex/Pattern$1 done
Event: 25.009 loading class java/util/regex/Pattern$Bound
Event: 25.009 loading class java/util/regex/Pattern$Bound done
Event: 25.010 loading class java/util/regex/Pattern$Behind
Event: 25.011 loading class java/util/regex/Pattern$Behind done
Event: 25.011 loading class java/util/regex/Pattern$GroupCurly
Event: 25.011 loading class java/util/regex/Pattern$GroupCurly done


Dynamic libraries:
0x00007ff6509a0000 - 0x00007ff6509ae000 	C:\Users\Asus\.p2\pool\plugins\org.eclipse.justj.openjdk.hotspot.jre.full.win32.x86_64_17.0.7.v20230425-1502\jre\bin\javaw.exe
0x00007fff985d0000 - 0x00007fff987e4000 	C:\WINDOWS\SYSTEM32\ntdll.dll
0x00007fff97ae0000 - 0x00007fff97ba2000 	C:\WINDOWS\System32\KERNEL32.DLL
0x00007fff95c50000 - 0x00007fff95ff3000 	C:\WINDOWS\System32\KERNELBASE.dll
0x00007fff96000000 - 0x00007fff96111000 	C:\WINDOWS\System32\ucrtbase.dll
0x00007fff81180000 - 0x00007fff81197000 	C:\Users\Asus\.p2\pool\plugins\org.eclipse.justj.openjdk.hotspot.jre.full.win32.x86_64_17.0.7.v20230425-1502\jre\bin\jli.dll
0x00007fff96870000 - 0x00007fff96a1b000 	C:\WINDOWS\System32\USER32.dll
0x00007fff959a0000 - 0x00007fff959c6000 	C:\WINDOWS\System32\win32u.dll
0x00007fff98480000 - 0x00007fff984a9000 	C:\WINDOWS\System32\GDI32.dll
0x00007fff95a90000 - 0x00007fff95ba9000 	C:\WINDOWS\System32\gdi32full.dll
0x00007fff95bb0000 - 0x00007fff95c4a000 	C:\WINDOWS\System32\msvcp_win.dll
0x00007fff7f1e0000 - 0x00007fff7f1f9000 	C:\Users\Asus\.p2\pool\plugins\org.eclipse.justj.openjdk.hotspot.jre.full.win32.x86_64_17.0.7.v20230425-1502\jre\bin\VCRUNTIME140.dll
0x00007fff7fa20000 - 0x00007fff7fcae000 	C:\WINDOWS\WinSxS\amd64_microsoft.windows.common-controls_6595b64144ccf1df_6.0.22621.1635_none_270f70857386168e\COMCTL32.dll
0x00007fff967c0000 - 0x00007fff96867000 	C:\WINDOWS\System32\msvcrt.dll
0x00007fff98340000 - 0x00007fff98371000 	C:\WINDOWS\System32\IMM32.DLL
0x00007fff91050000 - 0x00007fff9105c000 	C:\Users\Asus\.p2\pool\plugins\org.eclipse.justj.openjdk.hotspot.jre.full.win32.x86_64_17.0.7.v20230425-1502\jre\bin\vcruntime140_1.dll
0x00007fff52790000 - 0x00007fff52821000 	C:\Users\Asus\.p2\pool\plugins\org.eclipse.justj.openjdk.hotspot.jre.full.win32.x86_64_17.0.7.v20230425-1502\jre\bin\msvcp140.dll
0x00007fff23460000 - 0x00007fff240a8000 	C:\Users\Asus\.p2\pool\plugins\org.eclipse.justj.openjdk.hotspot.jre.full.win32.x86_64_17.0.7.v20230425-1502\jre\bin\server\jvm.dll
0x00007fff98290000 - 0x00007fff9833e000 	C:\WINDOWS\System32\ADVAPI32.dll
0x00007fff96380000 - 0x00007fff96424000 	C:\WINDOWS\System32\sechost.dll
0x00007fff97250000 - 0x00007fff97367000 	C:\WINDOWS\System32\RPCRT4.dll
0x00007fff7dc70000 - 0x00007fff7dc79000 	C:\WINDOWS\SYSTEM32\WSOCK32.dll
0x00007fff97e40000 - 0x00007fff97eb1000 	C:\WINDOWS\System32\WS2_32.dll
0x00007fff89790000 - 0x00007fff897c4000 	C:\WINDOWS\SYSTEM32\WINMM.dll
0x00007fff840b0000 - 0x00007fff840ba000 	C:\WINDOWS\SYSTEM32\VERSION.dll
0x00007fff949f0000 - 0x00007fff94a08000 	C:\WINDOWS\SYSTEM32\kernel.appcore.dll
0x00007fff91000000 - 0x00007fff9100a000 	C:\Users\Asus\.p2\pool\plugins\org.eclipse.justj.openjdk.hotspot.jre.full.win32.x86_64_17.0.7.v20230425-1502\jre\bin\jimage.dll
0x00007fff93250000 - 0x00007fff9347e000 	C:\WINDOWS\SYSTEM32\DBGHELP.DLL
0x00007fff96430000 - 0x00007fff967b9000 	C:\WINDOWS\System32\combase.dll
0x00007fff97ed0000 - 0x00007fff97fa7000 	C:\WINDOWS\System32\OLEAUT32.dll
0x00007fff78f00000 - 0x00007fff78f32000 	C:\WINDOWS\SYSTEM32\dbgcore.DLL
0x00007fff96300000 - 0x00007fff9637b000 	C:\WINDOWS\System32\bcryptPrimitives.dll
0x00007fff525e0000 - 0x00007fff52605000 	C:\Users\Asus\.p2\pool\plugins\org.eclipse.justj.openjdk.hotspot.jre.full.win32.x86_64_17.0.7.v20230425-1502\jre\bin\java.dll
0x00007fff78080000 - 0x00007fff78098000 	C:\Users\Asus\.p2\pool\plugins\org.eclipse.justj.openjdk.hotspot.jre.full.win32.x86_64_17.0.7.v20230425-1502\jre\bin\zip.dll
0x00007fff96a20000 - 0x00007fff9721a000 	C:\WINDOWS\System32\SHELL32.dll
0x00007fff939a0000 - 0x00007fff9426e000 	C:\WINDOWS\SYSTEM32\windows.storage.dll
0x00007fff936f0000 - 0x00007fff9382e000 	C:\WINDOWS\SYSTEM32\wintypes.dll
0x00007fff98380000 - 0x00007fff98471000 	C:\WINDOWS\System32\SHCORE.dll
0x00007fff97d50000 - 0x00007fff97dae000 	C:\WINDOWS\System32\shlwapi.dll
0x00007fff958d0000 - 0x00007fff958f1000 	C:\WINDOWS\SYSTEM32\profapi.dll
0x00007fff6fb20000 - 0x00007fff6fb39000 	C:\Users\Asus\.p2\pool\plugins\org.eclipse.justj.openjdk.hotspot.jre.full.win32.x86_64_17.0.7.v20230425-1502\jre\bin\net.dll
0x00007fff87ca0000 - 0x00007fff87dd7000 	C:\WINDOWS\SYSTEM32\WINHTTP.dll
0x00007fff94e60000 - 0x00007fff94ec9000 	C:\WINDOWS\system32\mswsock.dll
0x00007fff54010000 - 0x00007fff54025000 	C:\Users\Asus\.p2\pool\plugins\org.eclipse.justj.openjdk.hotspot.jre.full.win32.x86_64_17.0.7.v20230425-1502\jre\bin\nio.dll
0x00007fff90fe0000 - 0x00007fff90fe9000 	C:\Users\Asus\.p2\pool\plugins\org.eclipse.justj.openjdk.hotspot.jre.full.win32.x86_64_17.0.7.v20230425-1502\jre\bin\management.dll
0x00007fff8d5d0000 - 0x00007fff8d5db000 	C:\Users\Asus\.p2\pool\plugins\org.eclipse.justj.openjdk.hotspot.jre.full.win32.x86_64_17.0.7.v20230425-1502\jre\bin\management_ext.dll
0x00007fff97240000 - 0x00007fff97248000 	C:\WINDOWS\System32\PSAPI.DLL
0x00007fff705b0000 - 0x00007fff705c7000 	C:\WINDOWS\system32\napinsp.dll
0x00007fff70590000 - 0x00007fff705ab000 	C:\WINDOWS\system32\pnrpnsp.dll
0x00007fff94540000 - 0x00007fff94633000 	C:\WINDOWS\SYSTEM32\DNSAPI.dll
0x00007fff944d0000 - 0x00007fff944fd000 	C:\WINDOWS\SYSTEM32\IPHLPAPI.DLL
0x00007fff981e0000 - 0x00007fff981e9000 	C:\WINDOWS\System32\NSI.dll
0x00007fff70570000 - 0x00007fff70581000 	C:\WINDOWS\System32\winrnr.dll
0x00007fff878a0000 - 0x00007fff878b5000 	C:\WINDOWS\system32\wshbth.dll
0x00007fff70540000 - 0x00007fff70561000 	C:\WINDOWS\system32\nlansp_c.dll
0x00007fff81ee0000 - 0x00007fff81eea000 	C:\Windows\System32\rasadhlp.dll
0x00007fff845c0000 - 0x00007fff84644000 	C:\WINDOWS\System32\fwpuclnt.dll
0x00007fff950c0000 - 0x00007fff950db000 	C:\WINDOWS\SYSTEM32\CRYPTSP.dll
0x00007fff94960000 - 0x00007fff94995000 	C:\WINDOWS\system32\rsaenh.dll
0x00007fff94f60000 - 0x00007fff94f88000 	C:\WINDOWS\SYSTEM32\USERENV.dll
0x00007fff95260000 - 0x00007fff95288000 	C:\WINDOWS\SYSTEM32\bcrypt.dll
0x00007fff950e0000 - 0x00007fff950ec000 	C:\WINDOWS\SYSTEM32\CRYPTBASE.dll
0x00007fff879b0000 - 0x00007fff879c9000 	C:\WINDOWS\SYSTEM32\dhcpcsvc6.DLL
0x00007fff878c0000 - 0x00007fff878df000 	C:\WINDOWS\SYSTEM32\dhcpcsvc.DLL
0x00007fff6fba0000 - 0x00007fff6fbae000 	C:\Users\Asus\.p2\pool\plugins\org.eclipse.justj.openjdk.hotspot.jre.full.win32.x86_64_17.0.7.v20230425-1502\jre\bin\sunmscapi.dll
0x00007fff96120000 - 0x00007fff96287000 	C:\WINDOWS\System32\CRYPT32.dll
0x00007fff95230000 - 0x00007fff9525e000 	C:\WINDOWS\SYSTEM32\ncrypt.dll
0x00007fff951f0000 - 0x00007fff95227000 	C:\WINDOWS\SYSTEM32\NTASN1.dll
0x00007fff6fbd0000 - 0x00007fff6fbe0000 	C:\Users\Asus\.p2\pool\plugins\org.eclipse.justj.openjdk.hotspot.jre.full.win32.x86_64_17.0.7.v20230425-1502\jre\bin\verify.dll

dbghelp: loaded successfully - version: 4.0.5 - missing functions: none
symbol engine: initialized successfully - sym options: 0x614 - pdb path: .;C:\Users\Asus\.p2\pool\plugins\org.eclipse.justj.openjdk.hotspot.jre.full.win32.x86_64_17.0.7.v20230425-1502\jre\bin;C:\WINDOWS\SYSTEM32;C:\WINDOWS\WinSxS\amd64_microsoft.windows.common-controls_6595b64144ccf1df_6.0.22621.1635_none_270f70857386168e;C:\Users\Asus\.p2\pool\plugins\org.eclipse.justj.openjdk.hotspot.jre.full.win32.x86_64_17.0.7.v20230425-1502\jre\bin\server

VM Arguments:
jvm_args: -Dcom.sun.management.jmxremote -Dcom.sun.management.jmxremote.port=64228 -Dcom.sun.management.jmxremote.authenticate=false -Dcom.sun.management.jmxremote.ssl=false -Djava.rmi.server.hostname=localhost -Dspring.jmx.enabled=true -Dmanagement.endpoints.jmx.exposure.include=* -Dspring.application.admin.enabled=true -XX:TieredStopAtLevel=1 -Dspring.boot.project.name=ptbackend -Dfile.encoding=UTF-8 -XX:+ShowCodeDetailsInExceptionMessages 
java_command: com.example.ptbackend.PtbackendApplication --spring.output.ansi.enabled=always
java_class_path (initial): C:\Users\Asus\OneDrive\Desktop\springboot\ptbackend\target\classes;C:\Users\Asus\.m2\repository\org\hibernate\orm\hibernate-core\6.2.2.Final\hibernate-core-6.2.2.Final.jar;C:\Users\Asus\.m2\repository\org\glassfish\jaxb\jaxb-runtime\4.0.2\jaxb-runtime-4.0.2.jar;C:\Users\Asus\.m2\repository\org\springframework\boot\spring-boot-starter-data-jpa\3.1.0\spring-boot-starter-data-jpa-3.1.0.jar;C:\Users\Asus\.m2\repository\org\springframework\boot\spring-boot-starter-aop\3.1.0\spring-boot-starter-aop-3.1.0.jar;C:\Users\Asus\.m2\repository\org\springframework\spring-aop\6.0.9\spring-aop-6.0.9.jar;C:\Users\Asus\.m2\repository\org\aspectj\aspectjweaver\1.9.19\aspectjweaver-1.9.19.jar;C:\Users\Asus\.m2\repository\org\springframework\boot\spring-boot-starter-jdbc\3.1.0\spring-boot-starter-jdbc-3.1.0.jar;C:\Users\Asus\.m2\repository\com\zaxxer\HikariCP\5.0.1\HikariCP-5.0.1.jar;C:\Users\Asus\.m2\repository\org\springframework\spring-jdbc\6.0.9\spring-jdbc-6.0.9.jar;C:\Users\Asus\.m2\repository\jakarta\persistence\jakarta.persistence-api\3.1.0\jakarta.persistence-api-3.1.0.jar;C:\Users\Asus\.m2\repository\jakarta\transaction\jakarta.transaction-api\2.0.1\jakarta.transaction-api-2.0.1.jar;C:\Users\Asus\.m2\repository\org\jboss\logging\jboss-logging\3.5.0.Final\jboss-logging-3.5.0.Final.jar;C:\Users\Asus\.m2\repository\org\hibernate\common\hibernate-commons-annotations\6.0.6.Final\hibernate-commons-annotations-6.0.6.Final.jar;C:\Users\Asus\.m2\repository\io\smallrye\jandex\3.0.5\jandex-3.0.5.jar;C:\Users\Asus\.m2\repository\com\fasterxml\classmate\1.5.1\classmate-1.5.1.jar;C:\Users\Asus\.m2\repository\net\bytebuddy\byte-buddy\1.14.4\byte-buddy-1.14.4.jar;C:\Users\Asus\.m2\repository\org\glassfish\jaxb\jaxb-core\4.0.2\jaxb-core-4.0.2.jar;C:\Users\Asus\.m2\repository\org\eclipse\angus\angus-activation\2.0.0\angus-activation-2.0.0.jar;C:\Users\Asus\.m2\repository\org\glassfish\jaxb\txw2\4.0.2\txw2-4.0.2.jar;C:\Users\Asus\.m2\repository\com\sun\istack\istack-
Launcher Type: SUN_STANDARD

[Global flags]
     intx CICompilerCount                          = 3                                         {product} {ergonomic}
     uint ConcGCThreads                            = 1                                         {product} {ergonomic}
     uint G1ConcRefinementThreads                  = 4                                         {product} {ergonomic}
   size_t G1HeapRegionSize                         = 1048576                                   {product} {ergonomic}
    uintx GCDrainStackTargetSize                   = 64                                        {product} {ergonomic}
   size_t InitialHeapSize                          = 65011712                                  {product} {ergonomic}
     bool ManagementServer                         = true                                      {product} {command line}
   size_t MarkStackSize                            = 4194304                                   {product} {ergonomic}
   size_t MaxHeapSize                              = 1035993088                                {product} {ergonomic}
   size_t MaxNewSize                               = 620756992                                 {product} {ergonomic}
   size_t MinHeapDeltaBytes                        = 1048576                                   {product} {ergonomic}
   size_t MinHeapSize                              = 8388608                                   {product} {ergonomic}
    uintx NonProfiledCodeHeapSize                  = 0                                      {pd product} {ergonomic}
     bool ProfileInterpreter                       = false                                  {pd product} {command line}
    uintx ProfiledCodeHeapSize                     = 0                                      {pd product} {ergonomic}
     bool ShowCodeDetailsInExceptionMessages       = true                                   {manageable} {command line}
   size_t SoftMaxHeapSize                          = 1035993088                             {manageable} {ergonomic}
     intx TieredStopAtLevel                        = 1                                         {product} {command line}
     bool UseCompressedClassPointers               = true                           {product lp64_product} {ergonomic}
     bool UseCompressedOops                        = true                           {product lp64_product} {ergonomic}
     bool UseG1GC                                  = true                                      {product} {ergonomic}
     bool UseLargePagesIndividualAllocation        = false                                  {pd product} {ergonomic}

Logging:
Log output configuration:
 #0: stdout all=warning uptime,level,tags
 #1: stderr all=off uptime,level,tags

Environment Variables:
JAVA_HOME=C:\Program Files\java\jdk-15.0.1
PATH=C:/Users/Asus/.p2/pool/plugins/org.eclipse.justj.openjdk.hotspot.jre.full.win32.x86_64_17.0.7.v20230425-1502/jre/bin/server;C:/Users/Asus/.p2/pool/plugins/org.eclipse.justj.openjdk.hotspot.jre.full.win32.x86_64_17.0.7.v20230425-1502/jre/bin;C:\Program Files\Python311\Scripts\;C:\Program Files\Python311\;C:\Users\Asus\AppData\Local\Programs\Python\Python39\Scripts\;C:\Users\Asus\AppData\Local\Programs\Python\Python39\;C:\Program Files\Common Files\Oracle\Java\javapath;C:\WINDOWS\system32;C:\WINDOWS;C:\WINDOWS\System32\Wbem;C:\WINDOWS\System32\WindowsPowerShell\v1.0\;C:\WINDOWS\System32\OpenSSH\;C:\Program Files\Microsoft SQL Server\Client SDK\ODBC\170\Tools\Binn\;C:\Program Files\Azure Data Studio\bin;C:\ProgramData\chocolatey\bin;C:\Library\Developer\Toolchains\unknown-Asserts-development.xctoolchain\usr\bin;C:\Library\Swift-development\bin;C:\Library\icu-67\usr\bin;C:\Program Files\dotnet\;C:\Program Files\Microsoft SQL Server\130\Tools\Binn\;C:\Program Files (x86)\PowerShell\7\;C:\Program Files (x86)\dotnet\;C:\Program Files\Git\cmd;C:\Program Files\nodejs\;C:\Swift\bin;C:\Users\Asus\AppData\Local\Programs\Microsoft VS Code\bin;C:\Users\Asus\AppData\Local\Microsoft\WindowsApps;C:\Users\Asus\AppData\Local\GitHubDesktop\bin;;C:\Program Files\JetBrains\PyCharm Community Edition 2023.1.1\bin;;C:\Users\Asus\AppData\Roaming\npm;C:\Users\Asus\OneDrive\Desktop;
USERNAME=Asus
OS=Windows_NT
PROCESSOR_IDENTIFIER=Intel64 Family 6 Model 142 Stepping 12, GenuineIntel
TMP=C:\Users\Asus\AppData\Local\Temp
TEMP=C:\Users\Asus\AppData\Local\Temp



---------------  S Y S T E M  ---------------

OS:
 Windows 11 , 64 bit Build 22621 (10.0.22621.1778)
OS uptime: 6 days 17:52 hours

CPU: total 4 (initial active 4) (2 cores per cpu, 2 threads per core) family 6 model 142 stepping 12 microcode 0xde, cx8, cmov, fxsr, ht, mmx, 3dnowpref, sse, sse2, sse3, ssse3, sse4.1, sse4.2, popcnt, lzcnt, tsc, tscinvbit, avx, avx2, aes, erms, clmul, bmi1, bmi2, adx, fma, vzeroupper, clflush, clflushopt

Memory: 4k page, system-wide physical 3948M (469M free)
TotalPageFile size 16236M (AvailPageFile size 52M)
current process WorkingSet (physical memory assigned to process): 161M, peak: 161M
current process commit charge ("private bytes"): 207M, peak: 211M

vm_info: OpenJDK 64-Bit Server VM (17.0.7+7) for windows-amd64 JRE (17.0.7+7), built on Apr 18 2023 22:10:42 by "temurin" with MS VC++ 16.7 (VS2019)

END.
